[2026-06-25 16:27:51 MT] === Morning launch starting ===
[2026-06-25 16:27:51 MT] Launching WeBull...
[2026-06-25 16:28:22 MT] PID lookup failed — searching by window title...
[2026-06-25 16:28:24 MT] WeBull → (0,0) 1700×1440
[2026-06-25 16:28:24 MT] Opening TradeHub...
[2026-06-25 16:28:29 MT] Opening TaskHub...
[2026-06-25 16:28:31 MT] === Done ===
[2026-06-26 10:01:46 MT] === Morning launch starting === [TEST]
[2026-06-26 10:01:46 MT] Launching WeBull...
[2026-06-26 10:02:17 MT] PID lookup failed — searching by window title...
[2026-06-26 10:02:38 MT] === Morning launch starting === [TEST]
[2026-06-26 10:02:39 MT] Launching WeBull...
[2026-06-26 10:02:46 MT] WeBull → (0,0) 1700×1440
[2026-06-26 10:02:46 MT] Opening TradeHub in Brave...
[2026-06-26 10:02:50 MT] Opening TaskHub as Brave app...
[2026-06-26 10:02:53 MT] TaskHub → (3420,0) 1700×1440
[2026-06-26 10:02:53 MT] === Done ===
[2026-07-01 07:00:40 MT] === Morning launch starting ===
[2026-07-01 07:00:41 MT] Launching WeBull...
[2026-07-01 07:01:12 MT] PID lookup failed — searching by window title...
[2026-07-01 07:01:15 MT] WeBull → (0,0) 1700×1440
[2026-07-01 07:01:15 MT] Opening TradeHub in Brave...
[2026-07-01 07:01:20 MT] Opening TaskHub as Brave app...
[2026-07-01 07:01:22 MT] TaskHub → (3420,0) 1700×1440
[2026-07-01 07:01:22 MT] === Done ===
